2024-11-26 08:58:00.694 | ERROR    | __main__:main:49 - Server failed to start: name 'registry' is not defined
2024-11-26 08:59:01.835 | ERROR    | __main__:main:49 - Server failed to start: name 'registry' is not defined
2024-11-26 09:00:35.333 | INFO     | __main__:main:47 - Starting server on port 8000
2024-11-26 09:01:08.677 | INFO     | __main__:main:47 - Starting server on port 8000
2024-11-26 09:14:23.084 | INFO     | __main__:main:46 - Starting server on port 8000
2024-11-26 09:17:22.040 | INFO     | __main__:main:46 - Starting server on port 8000
2024-11-26 09:19:40.504 | INFO     | __main__:main:46 - Starting server on port 8000
2024-11-26 13:49:13.051 | INFO     | __main__:main:46 - Starting server on port 8000
2024-11-26 14:16:28.633 | INFO     | __main__:main:46 - Starting server on port 8000
2024-11-26 14:17:34.383 | INFO     | __main__:main:46 - Starting server on port 8000
2024-11-26 14:24:16.330 | INFO     | __main__:<module>:58 - Starting server on port 8000
2024-11-26 14:30:42.372 | INFO     | __main__:<module>:58 - Starting server on port 8000
2024-11-26 14:39:38.535 | INFO     | __main__:main:46 - Starting server on port 8000
2024-11-26 14:39:53.228 | INFO     | __main__:main:46 - Starting server on port 8000
2024-11-26 14:53:42.172 | INFO     | __main__:main:46 - Starting server on port 8000
2024-11-26 14:59:56.674 | INFO     | __main__:main:47 - Starting server on port 8000
2024-11-26 15:10:06.609 | INFO     | __main__:main:68 - Starting server on port 8000
2024-11-26 15:12:33.407 | INFO     | __main__:main:68 - Starting server on port 8000
2024-11-26 15:13:18.820 | INFO     | __main__:main:68 - Starting server on port 8000
2024-11-26 15:17:27.033 | ERROR    | __main__:main:72 - Server failed to start: PrometheusLogger.__init__() takes 1 positional argument but 2 were given
2024-11-26 15:18:18.705 | INFO     | __main__:main:68 - Starting server on port 8000
2024-11-26 15:18:44.037 | INFO     | __main__:main:68 - Starting server on port 8000
2024-11-26 15:30:16.328 | INFO     | __main__:main:68 - Starting server on port 8000
2024-11-26 15:42:43.448 | INFO     | __main__:main:68 - Starting server on port 8000
2024-11-26 15:42:50.427 | INFO     | __main__:main:68 - Starting server on port 8000
2024-11-26 15:43:42.292 | INFO     | __main__:main:68 - Starting server on port 8000
2024-11-26 15:44:56.492 | INFO     | __main__:main:68 - Starting server on port 8000
2024-11-26 15:45:55.719 | INFO     | __main__:main:68 - Starting server on port 8000
2024-11-26 15:49:49.589 | ERROR    | __main__:main:74 - Server failed to start: loggers must be a list or an instance of litserve.Logger
2024-11-26 15:50:13.906 | INFO     | __main__:main:68 - Starting server on port 8000
2024-11-26 15:55:09.422 | INFO     | __main__:main:68 - Starting server on port 8000
2024-11-26 15:55:41.706 | INFO     | __main__:main:68 - Starting server on port 8000
2024-11-26 15:56:45.616 | INFO     | __main__:main:68 - Starting server on port 8000
2024-11-26 16:10:44.333 | INFO     | __main__:main:68 - Starting server on port 8000
2024-11-26 16:20:33.864 | INFO     | __main__:main:68 - Starting server on port 8000
2024-11-26 16:21:59.341 | INFO     | __main__:main:68 - Starting server on port 8000
2024-11-26 17:09:32.971 | ERROR    | __main__:main:72 - Server failed to start: Form data requires "python-multipart" to be installed. 
You can install "python-multipart" with: 

pip install python-multipart

2024-11-26 17:10:42.532 | INFO     | __main__:main:68 - Starting server on port 8000
2024-11-27 08:31:40.168 | INFO     | __main__:main:68 - Starting server on port 8000
2024-11-27 08:33:33.106 | INFO     | __main__:main:68 - Starting server on port 8000
2024-11-27 09:29:33.381 | INFO     | __main__:main:68 - Starting server on port 8000
2024-11-27 09:57:12.493 | INFO     | __main__:main:68 - Starting server on port 8000
2024-11-27 11:01:49.226 | INFO     | __main__:main:68 - Starting server on port 8000
